GDRE Tools v0.5.2
Windows 10.0.22631, NVIDIA GeForce RTX 3060 Laptop GPU/PCIe/SSE2, opengl3
Extracted 8989 files, no errors detected!
USER WARNING: Converting lossy imports, you may lose fidelity for indicated assets when re-importing upon loading the project
   at: ImportExporter::_export_imports (modules\gdsdecomp\utility\import_exporter.cpp:51)
Recreated plugin config for anti_cheat
Recreated plugin config for AS2P
Recreated plugin config for codeandweb.texturepacker
Saved project config to C:/Users/86135/Desktop/八荒源码/project.godot


********************************EXPORT REPORT********************************

Totals:                                 
Decompiled scripts:                     0
Failed scripts:                         0
Imported resources for export session:  8989
Successfully converted:                 605
Lossy:                                  0
Rewrote metadata:                       0
Non-importable conversions:             0
Not converted:                          0
Failed conversions:                     0
-------------



------------------------------------------------------------------------------------

Use Godot editor version 4.1 to edit the project.
Note: the project may be using a custom version of Godot. Detection for this has not been implemented yet.
If you find that you have many non-import errors upon opening the project 
(i.e. scripts or shaders have many errors), use the original game's binary as the export template.

*******************************************************************************

